      0.0000000      1.0000000      0.0000000
      0.0100000      0.9999990      0.0000010
      0.0200000      0.9999960      0.0000040
      0.0300000      0.9999912      0.0000088
      0.0400000      0.9999844      0.0000156
      0.0500000      0.9999758      0.0000242
      0.0600000      0.9999654      0.0000346
      0.0700000      0.9999532      0.0000468
      0.0800000      0.9999393      0.0000607
      0.0900000      0.9999238      0.0000762
      0.1000000      0.9999067      0.0000933
      0.1100000      0.9998881      0.0001119
      0.1200000      0.9998679      0.0001321
      0.1300000      0.9998464      0.0001536
      0.1400000      0.9998234      0.0001766
      0.1500000      0.9997991      0.0002009
      0.1600000      0.9997736      0.0002264
      0.1700000      0.9997468      0.0002532
      0.1800000      0.9997189      0.0002811
      0.1900000      0.9996899      0.0003101
      0.2000000      0.9996598      0.0003402
      0.2100000      0.9996287      0.0003713
      0.2200000      0.9995967      0.0004033
      0.2300000      0.9995638      0.0004362
      0.2400000      0.9995300      0.0004700
      0.2500000      0.9994955      0.0005045
      0.2600000      0.9994602      0.0005398
      0.2700000      0.9994242      0.0005758
      0.2800000      0.9993876      0.0006124
      0.2900000      0.9993504      0.0006496
      0.3000000      0.9993126      0.0006874
      0.3100000      0.9992743      0.0007257
      0.3200000      0.9992355      0.0007645
      0.3300000      0.9991963      0.0008037
      0.3400000      0.9991567      0.0008433
      0.3500000      0.9991167      0.0008833
      0.3600000      0.9990764      0.0009236
      0.3700000      0.9990359      0.0009641
      0.3800000      0.9989950      0.0010050
      0.3900000      0.9989539      0.0010461
      0.4000000      0.9989127      0.0010873
      0.4100000      0.9988713      0.0011287
      0.4200000      0.9988297      0.0011703
      0.4300000      0.9987880      0.0012120
      0.4400000      0.9987462      0.0012538
      0.4500000      0.9987044      0.0012956
      0.4600000      0.9986625      0.0013375
      0.4700000      0.9986206      0.0013794
      0.4800000      0.9985787      0.0014213
      0.4900000      0.9985368      0.0014632
      0.5000000      0.9984950      0.0015050
      0.5100000      0.9984532      0.0015468
      0.5200000      0.9984114      0.0015886
      0.5300000      0.9983698      0.0016302
      0.5400000      0.9983283      0.0016717
      0.5500000      0.9982869      0.0017131
      0.5600000      0.9982456      0.0017544
      0.5700000      0.9982045      0.0017955
      0.5800000      0.9981635      0.0018365
      0.5900000      0.9981226      0.0018774
      0.6000000      0.9980820      0.0019180
      0.6100000      0.9980415      0.0019585
      0.6200000      0.9980013      0.0019987
      0.6300000      0.9979612      0.0020388
      0.6400000      0.9979214      0.0020786
      0.6500000      0.9978817      0.0021183
      0.6600000      0.9978423      0.0021577
      0.6700000      0.9978032      0.0021968
      0.6800000      0.9977642      0.0022358
      0.6900000      0.9977255      0.0022745
      0.7000000      0.9976871      0.0023129
      0.7100000      0.9976489      0.0023511
      0.7200000      0.9976110      0.0023890
      0.7300000      0.9975733      0.0024267
      0.7400000      0.9975359      0.0024641
      0.7500000      0.9974988      0.0025012
      0.7600000      0.9974619      0.0025381
      0.7700000      0.9974253      0.0025747
      0.7800000      0.9973890      0.0026110
      0.7900000      0.9973530      0.0026470
      0.8000000      0.9973173      0.0026827
      0.8100000      0.9972818      0.0027182
      0.8200000      0.9972466      0.0027534
      0.8300000      0.9972117      0.0027883
      0.8400000      0.9971771      0.0028229
      0.8500000      0.9971428      0.0028572
      0.8600000      0.9971088      0.0028912
      0.8700000      0.9970751      0.0029249
      0.8800000      0.9970416      0.0029584
      0.8900000      0.9970084      0.0029916
      0.9000000      0.9969756      0.0030244
      0.9100000      0.9969430      0.0030570
      0.9200000      0.9969107      0.0030893
      0.9300000      0.9968787      0.0031213
      0.9400000      0.9968469      0.0031531
      0.9500000      0.9968155      0.0031845
      0.9600000      0.9967843      0.0032157
      0.9700000      0.9967535      0.0032465
      0.9800000      0.9967229      0.0032771
      0.9900000      0.9966926      0.0033074
      1.0000000      0.9966625      0.0033375
      1.0100000      0.9966328      0.0033672
      1.0200000      0.9966033      0.0033967
      1.0300000      0.9965741      0.0034259
      1.0400000      0.9965451      0.0034549
      1.0500000      0.9965165      0.0034835
      1.0600000      0.9964881      0.0035119
      1.0700000      0.9964599      0.0035401
      1.0800000      0.9964321      0.0035679
      1.0900000      0.9964044      0.0035956
      1.1000000      0.9963771      0.0036229
      1.1100000      0.9963500      0.0036500
      1.1200000      0.9963231      0.0036769
      1.1300000      0.9962966      0.0037034
      1.1400000      0.9962702      0.0037298
      1.1500000      0.9962441      0.0037559
      1.1600000      0.9962183      0.0037817
      1.1700000      0.9961927      0.0038073
      1.1800000      0.9961673      0.0038327
      1.1900000      0.9961422      0.0038578
      1.2000000      0.9961173      0.0038827
      1.2100000      0.9960926      0.0039074
      1.2200000      0.9960682      0.0039318
      1.2300000      0.9960440      0.0039560
      1.2400000      0.9960200      0.0039800
      1.2500000      0.9959962      0.0040038
      1.2600000      0.9959727      0.0040273
      1.2700000      0.9959493      0.0040507
      1.2800000      0.9959262      0.0040738
      1.2900000      0.9959033      0.0040967
      1.3000000      0.9958806      0.0041194
      1.3100000      0.9958581      0.0041419
      1.3200000      0.9958359      0.0041641
      1.3300000      0.9958138      0.0041862
      1.3400000      0.9957919      0.0042081
      1.3500000      0.9957702      0.0042298
      1.3600000      0.9957487      0.0042513
      1.3700000      0.9957274      0.0042726
      1.3800000      0.9957063      0.0042937
      1.3900000      0.9956853      0.0043147
      1.4000000      0.9956646      0.0043354
      1.4100000      0.9956440      0.0043560
      1.4200000      0.9956236      0.0043764
      1.4300000      0.9956034      0.0043966
      1.4400000      0.9955834      0.0044166
      1.4500000      0.9955635      0.0044365
      1.4600000      0.9955438      0.0044562
      1.4700000      0.9955243      0.0044757
      1.4800000      0.9955049      0.0044951
      1.4900000      0.9954857      0.0045143
      1.5000000      0.9954666      0.0045334
      1.5100000      0.9954477      0.0045523
      1.5200000      0.9954290      0.0045710
      1.5300000      0.9954104      0.0045896
      1.5400000      0.9953920      0.0046080
      1.5500000      0.9953737      0.0046263
      1.5600000      0.9953556      0.0046444
      1.5700000      0.9953376      0.0046624
      1.5800000      0.9953197      0.0046803
      1.5900000      0.9953020      0.0046980
      1.6000000      0.9952844      0.0047156
      1.6100000      0.9952670      0.0047330
      1.6200000      0.9952497      0.0047503
      1.6300000      0.9952325      0.0047675
      1.6400000      0.9952155      0.0047845
      1.6500000      0.9951986      0.0048014
      1.6600000      0.9951818      0.0048182
      1.6700000      0.9951651      0.0048349
      1.6800000      0.9951486      0.0048514
      1.6900000      0.9951321      0.0048679
      1.7000000      0.9951158      0.0048842
      1.7100000      0.9950997      0.0049003
      1.7200000      0.9950836      0.0049164
      1.7300000      0.9950677      0.0049323
      1.7400000      0.9950518      0.0049482
      1.7500000      0.9950361      0.0049639
      1.7600000      0.9950205      0.0049795
      1.7700000      0.9950050      0.0049950
      1.7800000      0.9949896      0.0050104
      1.7900000      0.9949743      0.0050257
      1.8000000      0.9949591      0.0050409
      1.8100000      0.9949440      0.0050560
      1.8200000      0.9949290      0.0050710
      1.8300000      0.9949141      0.0050859
      1.8400000      0.9948993      0.0051007
      1.8500000      0.9948846      0.0051154
      1.8600000      0.9948700      0.0051300
      1.8700000      0.9948555      0.0051445
      1.8800000      0.9948410      0.0051590
      1.8900000      0.9948267      0.0051733
      1.9000000      0.9948125      0.0051875
      1.9100000      0.9947983      0.0052017
      1.9200000      0.9947842      0.0052158
      1.9300000      0.9947703      0.0052297
      1.9400000      0.9947564      0.0052436
      1.9500000      0.9947426      0.0052574
      1.9600000      0.9947288      0.0052712
      1.9700000      0.9947152      0.0052848
      1.9800000      0.9947016      0.0052984
      1.9900000      0.9946881      0.0053119
      2.0000000      0.9946747      0.0053253
      2.0100000      0.9946614      0.0053386
      2.0200000      0.9946481      0.0053519
      2.0300000      0.9946349      0.0053651
      2.0400000      0.9946218      0.0053782
      2.0500000      0.9946087      0.0053913
      2.0600000      0.9945958      0.0054042
      2.0700000      0.9945829      0.0054171
      2.0800000      0.9945700      0.0054300
      2.0900000      0.9945573      0.0054427
      2.1000000      0.9945446      0.0054554
      2.1100000      0.9945319      0.0054681
      2.1200000      0.9945194      0.0054806
      2.1300000      0.9945069      0.0054931
      2.1400000      0.9944944      0.0055056
      2.1500000      0.9944821      0.0055179
      2.1600000      0.9944698      0.0055302
      2.1700000      0.9944575      0.0055425
      2.1800000      0.9944453      0.0055547
      2.1900000      0.9944332      0.0055668
      2.2000000      0.9944211      0.0055789
      2.2100000      0.9944091      0.0055909
      2.2200000      0.9943972      0.0056028
      2.2300000      0.9943853      0.0056147
      2.2400000      0.9943734      0.0056266
      2.2500000      0.9943616      0.0056384
      2.2600000      0.9943499      0.0056501
      2.2700000      0.9943382      0.0056618
      2.2800000      0.9943266      0.0056734
      2.2900000      0.9943150      0.0056850
      2.3000000      0.9943035      0.0056965
      2.3100000      0.9942920      0.0057080
      2.3200000      0.9942806      0.0057194
      2.3300000      0.9942692      0.0057308
      2.3400000      0.9942579      0.0057421
      2.3500000      0.9942466      0.0057534
      2.3600000      0.9942354      0.0057646
      2.3700000      0.9942242      0.0057758
      2.3800000      0.9942131      0.0057869
      2.3900000      0.9942020      0.0057980
      2.4000000      0.9941909      0.0058091
      2.4100000      0.9941799      0.0058201
      2.4200000      0.9941690      0.0058310
      2.4300000      0.9941581      0.0058419
      2.4400000      0.9941472      0.0058528
      2.4500000      0.9941364      0.0058636
      2.4600000      0.9941256      0.0058744
      2.4700000      0.9941149      0.0058851
      2.4800000      0.9941042      0.0058958
      2.4900000      0.9940935      0.0059065
      2.5000000      0.9940829      0.0059171
      2.5100000      0.9940723      0.0059277
      2.5200000      0.9940618      0.0059382
      2.5300000      0.9940513      0.0059487
      2.5400000      0.9940408      0.0059592
      2.5500000      0.9940304      0.0059696
      2.5600000      0.9940200      0.0059800
      2.5700000      0.9940096      0.0059904
      2.5800000      0.9939993      0.0060007
      2.5900000      0.9939891      0.0060109
      2.6000000      0.9939788      0.0060212
      2.6100000      0.9939686      0.0060314
      2.6200000      0.9939584      0.0060416
      2.6300000      0.9939483      0.0060517
      2.6400000      0.9939382      0.0060618
      2.6500000      0.9939281      0.0060719
      2.6600000      0.9939181      0.0060819
      2.6700000      0.9939081      0.0060919
      2.6800000      0.9938981      0.0061019
      2.6900000      0.9938882      0.0061118
      2.7000000      0.9938783      0.0061217
      2.7100000      0.9938684      0.0061316
      2.7200000      0.9938586      0.0061414
      2.7300000      0.9938487      0.0061513
      2.7400000      0.9938390      0.0061610
      2.7500000      0.9938292      0.0061708
      2.7600000      0.9938195      0.0061805
      2.7700000      0.9938098      0.0061902
      2.7800000      0.9938001      0.0061999
      2.7900000      0.9937905      0.0062095
      2.8000000      0.9937809      0.0062191
      2.8100000      0.9937713      0.0062287
      2.8200000      0.9937618      0.0062382
      2.8300000      0.9937522      0.0062478
      2.8400000      0.9937427      0.0062573
      2.8500000      0.9937333      0.0062667
      2.8600000      0.9937238      0.0062762
      2.8700000      0.9937144      0.0062856
      2.8800000      0.9937050      0.0062950
      2.8900000      0.9936957      0.0063043
      2.9000000      0.9936863      0.0063137
      2.9100000      0.9936770      0.0063230
      2.9200000      0.9936677      0.0063323
      2.9300000      0.9936585      0.0063415
      2.9400000      0.9936492      0.0063508
      2.9500000      0.9936400      0.0063600
      2.9600000      0.9936308      0.0063692
      2.9700000      0.9936217      0.0063783
      2.9800000      0.9936125      0.0063875
      2.9900000      0.9936034      0.0063966
      3.0000000      0.9935943      0.0064057
      3.0100000      0.9935852      0.0064148
      3.0200000      0.9935762      0.0064238
      3.0300000      0.9935672      0.0064328
      3.0400000      0.9935582      0.0064418
      3.0500000      0.9935492      0.0064508
      3.0600000      0.9935402      0.0064598
      3.0700000      0.9935313      0.0064687
      3.0800000      0.9935224      0.0064776
      3.0900000      0.9935135      0.0064865
      3.1000000      0.9935046      0.0064954
      3.1100000      0.9934957      0.0065043
      3.1200000      0.9934869      0.0065131
      3.1300000      0.9934781      0.0065219
      3.1400000      0.9934693      0.0065307
      3.1500000      0.9934605      0.0065395
      3.1600000      0.9934518      0.0065482
      3.1700000      0.9934430      0.0065570
      3.1800000      0.9934343      0.0065657
      3.1900000      0.9934256      0.0065744
      3.2000000      0.9934169      0.0065831
      3.2100000      0.9934083      0.0065917
      3.2200000      0.9933996      0.0066004
      3.2300000      0.9933910      0.0066090
      3.2400000      0.9933824      0.0066176
      3.2500000      0.9933738      0.0066262
      3.2600000      0.9933652      0.0066348
      3.2700000      0.9933567      0.0066433
      3.2800000      0.9933482      0.0066518
      3.2900000      0.9933396      0.0066604
      3.3000000      0.9933311      0.0066689
      3.3100000      0.9933227      0.0066773
      3.3200000      0.9933142      0.0066858
      3.3300000      0.9933057      0.0066943
      3.3400000      0.9932973      0.0067027
      3.3500000      0.9932889      0.0067111
      3.3600000      0.9932805      0.0067195
      3.3700000      0.9932721      0.0067279
      3.3800000      0.9932637      0.0067363
      3.3900000      0.9932554      0.0067446
      3.4000000      0.9932470      0.0067530
      3.4100000      0.9932387      0.0067613
      3.4200000      0.9932304      0.0067696
      3.4300000      0.9932221      0.0067779
      3.4400000      0.9932139      0.0067861
      3.4500000      0.9932056      0.0067944
      3.4600000      0.9931973      0.0068027
      3.4700000      0.9931891      0.0068109
      3.4800000      0.9931809      0.0068191
      3.4900000      0.9931727      0.0068273
      3.5000000      0.9931645      0.0068355
      3.5100000      0.9931563      0.0068437
      3.5200000      0.9931482      0.0068518
      3.5300000      0.9931400      0.0068600
      3.5400000      0.9931319      0.0068681
      3.5500000      0.9931238      0.0068762
      3.5600000      0.9931157      0.0068843
      3.5700000      0.9931076      0.0068924
      3.5800000      0.9930995      0.0069005
      3.5900000      0.9930914      0.0069086
      3.6000000      0.9930834      0.0069166
      3.6100000      0.9930753      0.0069247
      3.6200000      0.9930673      0.0069327
      3.6300000      0.9930593      0.0069407
      3.6400000      0.9930513      0.0069487
      3.6500000      0.9930433      0.0069567
      3.6600000      0.9930353      0.0069647
      3.6700000      0.9930273      0.0069727
      3.6800000      0.9930194      0.0069806
      3.6900000      0.9930114      0.0069886
      3.7000000      0.9930035      0.0069965
      3.7100000      0.9929956      0.0070044
      3.7200000      0.9929877      0.0070123
      3.7300000      0.9929798      0.0070202
      3.7400000      0.9929719      0.0070281
      3.7500000      0.9929640      0.0070360
      3.7600000      0.9929561      0.0070439
      3.7700000      0.9929483      0.0070517
      3.7800000      0.9929404      0.0070596
      3.7900000      0.9929326      0.0070674
      3.8000000      0.9929248      0.0070752
      3.8100000      0.9929170      0.0070830
      3.8200000      0.9929092      0.0070908
      3.8300000      0.9929014      0.0070986
      3.8400000      0.9928936      0.0071064
      3.8500000      0.9928858      0.0071142
      3.8600000      0.9928781      0.0071219
      3.8700000      0.9928703      0.0071297
      3.8800000      0.9928626      0.0071374
      3.8900000      0.9928548      0.0071452
      3.9000000      0.9928471      0.0071529
      3.9100000      0.9928394      0.0071606
      3.9200000      0.9928317      0.0071683
      3.9300000      0.9928240      0.0071760
      3.9400000      0.9928163      0.0071837
      3.9500000      0.9928087      0.0071913
      3.9600000      0.9928010      0.0071990
      3.9700000      0.9927933      0.0072067
      3.9800000      0.9927857      0.0072143
      3.9900000      0.9927780      0.0072220
      4.0000000      0.9927704      0.0072296
      4.0100000      0.9927628      0.0072372
      4.0200000      0.9927552      0.0072448
      4.0300000      0.9927476      0.0072524
      4.0400000      0.9927400      0.0072600
      4.0500000      0.9927324      0.0072676
      4.0600000      0.9927248      0.0072752
      4.0700000      0.9927173      0.0072827
      4.0800000      0.9927097      0.0072903
      4.0900000      0.9927021      0.0072979
      4.1000000      0.9926946      0.0073054
      4.1100000      0.9926871      0.0073129
      4.1200000      0.9926795      0.0073205
      4.1300000      0.9926720      0.0073280
      4.1400000      0.9926645      0.0073355
      4.1500000      0.9926570      0.0073430
      4.1600000      0.9926495      0.0073505
      4.1700000      0.9926420      0.0073580
      4.1800000      0.9926345      0.0073655
      4.1900000      0.9926270      0.0073730
      4.2000000      0.9926196      0.0073804
      4.2100000      0.9926121      0.0073879
      4.2200000      0.9926047      0.0073953
      4.2300000      0.9925972      0.0074028
      4.2400000      0.9925898      0.0074102
      4.2500000      0.9925823      0.0074177
      4.2600000      0.9925749      0.0074251
      4.2700000      0.9925675      0.0074325
      4.2800000      0.9925601      0.0074399
      4.2900000      0.9925527      0.0074473
      4.3000000      0.9925453      0.0074547
      4.3100000      0.9925379      0.0074621
      4.3200000      0.9925305      0.0074695
      4.3300000      0.9925231      0.0074769
      4.3400000      0.9925158      0.0074842
      4.3500000      0.9925084      0.0074916
      4.3600000      0.9925010      0.0074990
      4.3700000      0.9924937      0.0075063
      4.3800000      0.9924863      0.0075137
      4.3900000      0.9924790      0.0075210
      4.4000000      0.9924716      0.0075284
      4.4100000      0.9924643      0.0075357
      4.4200000      0.9924570      0.0075430
      4.4300000      0.9924497      0.0075503
      4.4400000      0.9924424      0.0075576
      4.4500000      0.9924351      0.0075649
      4.4600000      0.9924278      0.0075722
      4.4700000      0.9924205      0.0075795
      4.4800000      0.9924132      0.0075868
      4.4900000      0.9924059      0.0075941
      4.5000000      0.9923986      0.0076014
      4.5100000      0.9923913      0.0076087
      4.5200000      0.9923841      0.0076159
      4.5300000      0.9923768      0.0076232
      4.5400000      0.9923696      0.0076304
      4.5500000      0.9923623      0.0076377
      4.5600000      0.9923551      0.0076449
      4.5700000      0.9923478      0.0076522
      4.5800000      0.9923406      0.0076594
      4.5900000      0.9923334      0.0076666
      4.6000000      0.9923261      0.0076739
      4.6100000      0.9923189      0.0076811
      4.6200000      0.9923117      0.0076883
      4.6300000      0.9923045      0.0076955
      4.6400000      0.9922973      0.0077027
      4.6500000      0.9922901      0.0077099
      4.6600000      0.9922829      0.0077171
      4.6700000      0.9922757      0.0077243
      4.6800000      0.9922685      0.0077315
      4.6900000      0.9922613      0.0077387
      4.7000000      0.9922541      0.0077459
      4.7100000      0.9922470      0.0077530
      4.7200000      0.9922398      0.0077602
      4.7300000      0.9922326      0.0077674
      4.7400000      0.9922255      0.0077745
      4.7500000      0.9922183      0.0077817
      4.7600000      0.9922112      0.0077888
      4.7700000      0.9922040      0.0077960
      4.7800000      0.9921969      0.0078031
      4.7900000      0.9921897      0.0078103
      4.8000000      0.9921826      0.0078174
      4.8100000      0.9921755      0.0078245
      4.8200000      0.9921683      0.0078317
      4.8300000      0.9921612      0.0078388
      4.8400000      0.9921541      0.0078459
      4.8500000      0.9921470      0.0078530
      4.8600000      0.9921399      0.0078601
      4.8700000      0.9921328      0.0078672
      4.8800000      0.9921257      0.0078743
      4.8900000      0.9921186      0.0078814
      4.9000000      0.9921115      0.0078885
      4.9100000      0.9921044      0.0078956
      4.9200000      0.9920973      0.0079027
      4.9300000      0.9920902      0.0079098
      4.9400000      0.9920831      0.0079169
      4.9500000      0.9920761      0.0079239
      4.9600000      0.9920690      0.0079310
      4.9700000      0.9920619      0.0079381
      4.9800000      0.9920548      0.0079452
      4.9900000      0.9920478      0.0079522
      5.0000000      0.9920407      0.0079593
      5.0100000      0.9920337      0.0079663
      5.0200000      0.9920266      0.0079734
      5.0300000      0.9920196      0.0079804
      5.0400000      0.9920125      0.0079875
      5.0500000      0.9920055      0.0079945
      5.0600000      0.9919984      0.0080016
      5.0700000      0.9919914      0.0080086
      5.0800000      0.9919844      0.0080156
      5.0900000      0.9919773      0.0080227
      5.1000000      0.9919703      0.0080297
      5.1100000      0.9919633      0.0080367
      5.1200000      0.9919563      0.0080437
      5.1300000      0.9919493      0.0080507
      5.1400000      0.9919422      0.0080578
      5.1500000      0.9919352      0.0080648
      5.1600000      0.9919282      0.0080718
      5.1700000      0.9919212      0.0080788
      5.1800000      0.9919142      0.0080858
      5.1900000      0.9919072      0.0080928
      5.2000000      0.9919002      0.0080998
      5.2100000      0.9918932      0.0081068
      5.2200000      0.9918862      0.0081138
      5.2300000      0.9918792      0.0081208
      5.2400000      0.9918723      0.0081277
      5.2500000      0.9918653      0.0081347
      5.2600000      0.9918583      0.0081417
      5.2700000      0.9918513      0.0081487
      5.2800000      0.9918443      0.0081557
      5.2900000      0.9918374      0.0081626
      5.3000000      0.9918304      0.0081696
      5.3100000      0.9918234      0.0081766
      5.3200000      0.9918165      0.0081835
      5.3300000      0.9918095      0.0081905
      5.3400000      0.9918025      0.0081975
      5.3500000      0.9917956      0.0082044
      5.3600000      0.9917886      0.0082114
      5.3700000      0.9917817      0.0082183
      5.3800000      0.9917747      0.0082253
      5.3900000      0.9917678      0.0082322
      5.4000000      0.9917608      0.0082392
      5.4100000      0.9917539      0.0082461
      5.4200000      0.9917470      0.0082530
      5.4300000      0.9917400      0.0082600
      5.4400000      0.9917331      0.0082669
      5.4500000      0.9917261      0.0082739
      5.4600000      0.9917192      0.0082808
      5.4700000      0.9917123      0.0082877
      5.4800000      0.9917054      0.0082946
      5.4900000      0.9916984      0.0083016
      5.5000000      0.9916915      0.0083085
      5.5100000      0.9916846      0.0083154
      5.5200000      0.9916777      0.0083223
      5.5300000      0.9916708      0.0083292
      5.5400000      0.9916638      0.0083362
      5.5500000      0.9916569      0.0083431
      5.5600000      0.9916500      0.0083500
      5.5700000      0.9916431      0.0083569
      5.5800000      0.9916362      0.0083638
      5.5900000      0.9916293      0.0083707
      5.6000000      0.9916224      0.0083776
      5.6100000      0.9916155      0.0083845
      5.6200000      0.9916086      0.0083914
      5.6300000      0.9916017      0.0083983
      5.6400000      0.9915948      0.0084052
      5.6500000      0.9915879      0.0084121
      5.6600000      0.9915810      0.0084190
      5.6700000      0.9915741      0.0084259
      5.6800000      0.9915672      0.0084328
      5.6900000      0.9915604      0.0084396
      5.7000000      0.9915535      0.0084465
      5.7100000      0.9915466      0.0084534
      5.7200000      0.9915397      0.0084603
      5.7300000      0.9915328      0.0084672
      5.7400000      0.9915260      0.0084740
      5.7500000      0.9915191      0.0084809
      5.7600000      0.9915122      0.0084878
      5.7700000      0.9915053      0.0084947
      5.7800000      0.9914985      0.0085015
      5.7900000      0.9914916      0.0085084
      5.8000000      0.9914847      0.0085153
      5.8100000      0.9914779      0.0085221
      5.8200000      0.9914710      0.0085290
      5.8300000      0.9914641      0.0085359
      5.8400000      0.9914573      0.0085427
      5.8500000      0.9914504      0.0085496
      5.8600000      0.9914436      0.0085564
      5.8700000      0.9914367      0.0085633
      5.8800000      0.9914298      0.0085702
      5.8900000      0.9914230      0.0085770
      5.9000000      0.9914161      0.0085839
      5.9100000      0.9914093      0.0085907
      5.9200000      0.9914024      0.0085976
      5.9300000      0.9913956      0.0086044
      5.9400000      0.9913887      0.0086113
      5.9500000      0.9913819      0.0086181
      5.9600000      0.9913751      0.0086249
      5.9700000      0.9913682      0.0086318
      5.9800000      0.9913614      0.0086386
      5.9900000      0.9913545      0.0086455
      6.0000000      0.9913477      0.0086523
      6.0100000      0.9913409      0.0086591
      6.0200000      0.9913340      0.0086660
      6.0300000      0.9913272      0.0086728
      6.0400000      0.9913204      0.0086796
      6.0500000      0.9913135      0.0086865
      6.0600000      0.9913067      0.0086933
      6.0700000      0.9912999      0.0087001
      6.0800000      0.9912930      0.0087070
      6.0900000      0.9912862      0.0087138
      6.1000000      0.9912794      0.0087206
      6.1100000      0.9912726      0.0087274
      6.1200000      0.9912657      0.0087343
      6.1300000      0.9912589      0.0087411
      6.1400000      0.9912521      0.0087479
      6.1500000      0.9912453      0.0087547
      6.1600000      0.9912385      0.0087615
      6.1700000      0.9912317      0.0087683
      6.1800000      0.9912248      0.0087752
      6.1900000      0.9912180      0.0087820
      6.2000000      0.9912112      0.0087888
      6.2100000      0.9912044      0.0087956
      6.2200000      0.9911976      0.0088024
      6.2300000      0.9911908      0.0088092
      6.2400000      0.9911840      0.0088160
      6.2500000      0.9911772      0.0088228
      6.2600000      0.9911703      0.0088297
      6.2700000      0.9911635      0.0088365
      6.2800000      0.9911567      0.0088433
      6.2900000      0.9911499      0.0088501
      6.3000000      0.9911431      0.0088569
      6.3100000      0.9911363      0.0088637
      6.3200000      0.9911295      0.0088705
      6.3300000      0.9911227      0.0088773
      6.3400000      0.9911159      0.0088841
      6.3500000      0.9911091      0.0088909
      6.3600000      0.9911023      0.0088977
      6.3700000      0.9910955      0.0089045
      6.3800000      0.9910887      0.0089113
      6.3900000      0.9910820      0.0089180
      6.4000000      0.9910752      0.0089248
      6.4100000      0.9910684      0.0089316
      6.4200000      0.9910616      0.0089384
      6.4300000      0.9910548      0.0089452
      6.4400000      0.9910480      0.0089520
      6.4500000      0.9910412      0.0089588
      6.4600000      0.9910344      0.0089656
      6.4700000      0.9910276      0.0089724
      6.4800000      0.9910208      0.0089792
      6.4900000      0.9910141      0.0089859
      6.5000000      0.9910073      0.0089927
      6.5100000      0.9910005      0.0089995
      6.5200000      0.9909937      0.0090063
      6.5300000      0.9909869      0.0090131
      6.5400000      0.9909801      0.0090199
      6.5500000      0.9909734      0.0090266
      6.5600000      0.9909666      0.0090334
      6.5700000      0.9909598      0.0090402
      6.5800000      0.9909530      0.0090470
      6.5900000      0.9909463      0.0090537
      6.6000000      0.9909395      0.0090605
      6.6100000      0.9909327      0.0090673
      6.6200000      0.9909259      0.0090741
      6.6300000      0.9909192      0.0090808
      6.6400000      0.9909124      0.0090876
      6.6500000      0.9909056      0.0090944
      6.6600000      0.9908988      0.0091012
      6.6700000      0.9908921      0.0091079
      6.6800000      0.9908853      0.0091147
      6.6900000      0.9908785      0.0091215
      6.7000000      0.9908718      0.0091282
      6.7100000      0.9908650      0.0091350
      6.7200000      0.9908582      0.0091418
      6.7300000      0.9908515      0.0091485
      6.7400000      0.9908447      0.0091553
      6.7500000      0.9908379      0.0091621
      6.7600000      0.9908312      0.0091688
      6.7700000      0.9908244      0.0091756
      6.7800000      0.9908176      0.0091824
      6.7900000      0.9908109      0.0091891
      6.8000000      0.9908041      0.0091959
      6.8100000      0.9907973      0.0092027
      6.8200000      0.9907906      0.0092094
      6.8300000      0.9907838      0.0092162
      6.8400000      0.9907771      0.0092229
      6.8500000      0.9907703      0.0092297
      6.8600000      0.9907635      0.0092365
      6.8700000      0.9907568      0.0092432
      6.8800000      0.9907500      0.0092500
      6.8900000      0.9907433      0.0092567
      6.9000000      0.9907365      0.0092635
      6.9100000      0.9907298      0.0092702
      6.9200000      0.9907230      0.0092770
      6.9300000      0.9907163      0.0092837
      6.9400000      0.9907095      0.0092905
      6.9500000      0.9907027      0.0092973
      6.9600000      0.9906960      0.0093040
      6.9700000      0.9906892      0.0093108
      6.9800000      0.9906825      0.0093175
      6.9900000      0.9906757      0.0093243
      7.0000000      0.9906690      0.0093310
      7.0100000      0.9906622      0.0093378
      7.0200000      0.9906555      0.0093445
      7.0300000      0.9906487      0.0093513
      7.0400000      0.9906420      0.0093580
      7.0500000      0.9906352      0.0093648
      7.0600000      0.9906285      0.0093715
      7.0700000      0.9906218      0.0093782
      7.0800000      0.9906150      0.0093850
      7.0900000      0.9906083      0.0093917
      7.1000000      0.9906015      0.0093985
      7.1100000      0.9905948      0.0094052
      7.1200000      0.9905880      0.0094120
      7.1300000      0.9905813      0.0094187
      7.1400000      0.9905745      0.0094255
      7.1500000      0.9905678      0.0094322
      7.1600000      0.9905611      0.0094389
      7.1700000      0.9905543      0.0094457
      7.1800000      0.9905476      0.0094524
      7.1900000      0.9905408      0.0094592
      7.2000000      0.9905341      0.0094659
      7.2100000      0.9905274      0.0094726
      7.2200000      0.9905206      0.0094794
      7.2300000      0.9905139      0.0094861
      7.2400000      0.9905071      0.0094929
      7.2500000      0.9905004      0.0094996
      7.2600000      0.9904937      0.0095063
      7.2700000      0.9904869      0.0095131
      7.2800000      0.9904802      0.0095198
      7.2900000      0.9904735      0.0095265
      7.3000000      0.9904667      0.0095333
      7.3100000      0.9904600      0.0095400
      7.3200000      0.9904533      0.0095467
      7.3300000      0.9904465      0.0095535
      7.3400000      0.9904398      0.0095602
      7.3500000      0.9904330      0.0095670
      7.3600000      0.9904263      0.0095737
      7.3700000      0.9904196      0.0095804
      7.3800000      0.9904129      0.0095871
      7.3900000      0.9904061      0.0095939
      7.4000000      0.9903994      0.0096006
      7.4100000      0.9903927      0.0096073
      7.4200000      0.9903859      0.0096141
      7.4300000      0.9903792      0.0096208
      7.4400000      0.9903725      0.0096275
      7.4500000      0.9903657      0.0096343
      7.4600000      0.9903590      0.0096410
      7.4700000      0.9903523      0.0096477
      7.4800000      0.9903456      0.0096544
      7.4900000      0.9903388      0.0096612
      7.5000000      0.9903321      0.0096679
      7.5100000      0.9903254      0.0096746
      7.5200000      0.9903186      0.0096814
      7.5300000      0.9903119      0.0096881
      7.5400000      0.9903052      0.0096948
      7.5500000      0.9902985      0.0097015
      7.5600000      0.9902917      0.0097083
      7.5700000      0.9902850      0.0097150
      7.5800000      0.9902783      0.0097217
      7.5900000      0.9902716      0.0097284
      7.6000000      0.9902648      0.0097352
      7.6100000      0.9902581      0.0097419
      7.6200000      0.9902514      0.0097486
      7.6300000      0.9902447      0.0097553
      7.6400000      0.9902379      0.0097621
      7.6500000      0.9902312      0.0097688
      7.6600000      0.9902245      0.0097755
      7.6700000      0.9902178      0.0097822
      7.6800000      0.9902111      0.0097889
      7.6900000      0.9902043      0.0097957
      7.7000000      0.9901976      0.0098024
      7.7100000      0.9901909      0.0098091
      7.7200000      0.9901842      0.0098158
      7.7300000      0.9901775      0.0098225
      7.7400000      0.9901707      0.0098293
      7.7500000      0.9901640      0.0098360
      7.7600000      0.9901573      0.0098427
      7.7700000      0.9901506      0.0098494
      7.7800000      0.9901439      0.0098561
      7.7900000      0.9901371      0.0098629
      7.8000000      0.9901304      0.0098696
      7.8100000      0.9901237      0.0098763
      7.8200000      0.9901170      0.0098830
      7.8300000      0.9901103      0.0098897
      7.8400000      0.9901036      0.0098964
      7.8500000      0.9900968      0.0099032
      7.8600000      0.9900901      0.0099099
      7.8700000      0.9900834      0.0099166
      7.8800000      0.9900767      0.0099233
      7.8900000      0.9900700      0.0099300
      7.9000000      0.9900633      0.0099367
      7.9100000      0.9900565      0.0099435
      7.9200000      0.9900498      0.0099502
      7.9300000      0.9900431      0.0099569
      7.9400000      0.9900364      0.0099636
      7.9500000      0.9900297      0.0099703
      7.9600000      0.9900230      0.0099770
      7.9700000      0.9900163      0.0099837
      7.9800000      0.9900096      0.0099904
      7.9900000      0.9900028      0.0099972
      8.0000000      0.9899961      0.0100039
      8.0100000      0.9899894      0.0100106
      8.0200000      0.9899827      0.0100173
      8.0300000      0.9899760      0.0100240
      8.0400000      0.9899693      0.0100307
      8.0500000      0.9899626      0.0100374
      8.0600000      0.9899559      0.0100441
      8.0700000      0.9899492      0.0100508
      8.0800000      0.9899424      0.0100576
      8.0900000      0.9899357      0.0100643
      8.1000000      0.9899290      0.0100710
      8.1100000      0.9899223      0.0100777
      8.1200000      0.9899156      0.0100844
      8.1300000      0.9899089      0.0100911
      8.1400000      0.9899022      0.0100978
      8.1500000      0.9898955      0.0101045
      8.1600000      0.9898888      0.0101112
      8.1700000      0.9898821      0.0101179
      8.1800000      0.9898754      0.0101246
      8.1900000      0.9898686      0.0101314
      8.2000000      0.9898619      0.0101381
      8.2100000      0.9898552      0.0101448
      8.2200000      0.9898485      0.0101515
      8.2300000      0.9898418      0.0101582
      8.2400000      0.9898351      0.0101649
      8.2500000      0.9898284      0.0101716
      8.2600000      0.9898217      0.0101783
      8.2700000      0.9898150      0.0101850
      8.2800000      0.9898083      0.0101917
      8.2900000      0.9898016      0.0101984
      8.3000000      0.9897949      0.0102051
      8.3100000      0.9897882      0.0102118
      8.3200000      0.9897815      0.0102185
      8.3300000      0.9897748      0.0102252
      8.3400000      0.9897681      0.0102319
      8.3500000      0.9897614      0.0102386
      8.3600000      0.9897547      0.0102453
      8.3700000      0.9897479      0.0102521
      8.3800000      0.9897412      0.0102588
      8.3900000      0.9897345      0.0102655
      8.4000000      0.9897278      0.0102722
      8.4100000      0.9897211      0.0102789
      8.4200000      0.9897144      0.0102856
      8.4300000      0.9897077      0.0102923
      8.4400000      0.9897010      0.0102990
      8.4500000      0.9896943      0.0103057
      8.4600000      0.9896876      0.0103124
      8.4700000      0.9896809      0.0103191
      8.4800000      0.9896742      0.0103258
      8.4900000      0.9896675      0.0103325
      8.5000000      0.9896608      0.0103392
      8.5100000      0.9896541      0.0103459
      8.5200000      0.9896474      0.0103526
      8.5300000      0.9896407      0.0103593
      8.5400000      0.9896340      0.0103660
      8.5500000      0.9896273      0.0103727
      8.5600000      0.9896206      0.0103794
      8.5700000      0.9896139      0.0103861
      8.5800000      0.9896072      0.0103928
      8.5900000      0.9896005      0.0103995
      8.6000000      0.9895938      0.0104062
      8.6100000      0.9895871      0.0104129
      8.6200000      0.9895804      0.0104196
      8.6300000      0.9895737      0.0104263
      8.6400000      0.9895670      0.0104330
      8.6500000      0.9895603      0.0104397
      8.6600000      0.9895536      0.0104464
      8.6700000      0.9895469      0.0104531
      8.6800000      0.9895402      0.0104598
      8.6900000      0.9895335      0.0104665
      8.7000000      0.9895268      0.0104732
      8.7100000      0.9895201      0.0104799
      8.7200000      0.9895134      0.0104866
      8.7300000      0.9895067      0.0104933
      8.7400000      0.9895000      0.0105000
      8.7500000      0.9894934      0.0105066
      8.7600000      0.9894867      0.0105133
      8.7700000      0.9894800      0.0105200
      8.7800000      0.9894733      0.0105267
      8.7900000      0.9894666      0.0105334
      8.8000000      0.9894599      0.0105401
      8.8100000      0.9894532      0.0105468
      8.8200000      0.9894465      0.0105535
      8.8300000      0.9894398      0.0105602
      8.8400000      0.9894331      0.0105669
      8.8500000      0.9894264      0.0105736
      8.8600000      0.9894197      0.0105803
      8.8700000      0.9894130      0.0105870
      8.8800000      0.9894063      0.0105937
      8.8900000      0.9893996      0.0106004
      8.9000000      0.9893929      0.0106071
      8.9100000      0.9893862      0.0106138
      8.9200000      0.9893795      0.0106205
      8.9300000      0.9893728      0.0106272
      8.9400000      0.9893661      0.0106339
      8.9500000      0.9893595      0.0106405
      8.9600000      0.9893528      0.0106472
      8.9700000      0.9893461      0.0106539
      8.9800000      0.9893394      0.0106606
      8.9900000      0.9893327      0.0106673
      9.0000000      0.9893260      0.0106740
      9.0100000      0.9893193      0.0106807
      9.0200000      0.9893126      0.0106874
      9.0300000      0.9893059      0.0106941
      9.0400000      0.9892992      0.0107008
      9.0500000      0.9892925      0.0107075
      9.0600000      0.9892858      0.0107142
      9.0700000      0.9892791      0.0107209
      9.0800000      0.9892725      0.0107275
      9.0900000      0.9892658      0.0107342
      9.1000000      0.9892591      0.0107409
      9.1100000      0.9892524      0.0107476
      9.1200000      0.9892457      0.0107543
      9.1300000      0.9892390      0.0107610
      9.1400000      0.9892323      0.0107677
      9.1500000      0.9892256      0.0107744
      9.1600000      0.9892189      0.0107811
      9.1700000      0.9892122      0.0107878
      9.1800000      0.9892055      0.0107945
      9.1900000      0.9891989      0.0108011
      9.2000000      0.9891922      0.0108078
      9.2100000      0.9891855      0.0108145
      9.2200000      0.9891788      0.0108212
      9.2300000      0.9891721      0.0108279
      9.2400000      0.9891654      0.0108346
      9.2500000      0.9891587      0.0108413
      9.2600000      0.9891520      0.0108480
      9.2700000      0.9891453      0.0108547
      9.2800000      0.9891387      0.0108613
      9.2900000      0.9891320      0.0108680
      9.3000000      0.9891253      0.0108747
      9.3100000      0.9891186      0.0108814
      9.3200000      0.9891119      0.0108881
      9.3300000      0.9891052      0.0108948
      9.3400000      0.9890985      0.0109015
      9.3500000      0.9890918      0.0109082
      9.3600000      0.9890852      0.0109148
      9.3700000      0.9890785      0.0109215
      9.3800000      0.9890718      0.0109282
      9.3900000      0.9890651      0.0109349
      9.4000000      0.9890584      0.0109416
      9.4100000      0.9890517      0.0109483
      9.4200000      0.9890450      0.0109550
      9.4300000      0.9890383      0.0109617
      9.4400000      0.9890317      0.0109683
      9.4500000      0.9890250      0.0109750
      9.4600000      0.9890183      0.0109817
      9.4700000      0.9890116      0.0109884
      9.4800000      0.9890049      0.0109951
      9.4900000      0.9889982      0.0110018
      9.5000000      0.9889915      0.0110085
      9.5100000      0.9889849      0.0110151
      9.5200000      0.9889782      0.0110218
      9.5300000      0.9889715      0.0110285
      9.5400000      0.9889648      0.0110352
      9.5500000      0.9889581      0.0110419
      9.5600000      0.9889514      0.0110486
      9.5700000      0.9889447      0.0110553
      9.5800000      0.9889381      0.0110619
      9.5900000      0.9889314      0.0110686
      9.6000000      0.9889247      0.0110753
      9.6100000      0.9889180      0.0110820
      9.6200000      0.9889113      0.0110887
      9.6300000      0.9889046      0.0110954
      9.6400000      0.9888980      0.0111020
      9.6500000      0.9888913      0.0111087
      9.6600000      0.9888846      0.0111154
      9.6700000      0.9888779      0.0111221
      9.6800000      0.9888712      0.0111288
      9.6900000      0.9888645      0.0111355
      9.7000000      0.9888579      0.0111421
      9.7100000      0.9888512      0.0111488
      9.7200000      0.9888445      0.0111555
      9.7300000      0.9888378      0.0111622
      9.7400000      0.9888311      0.0111689
      9.7500000      0.9888244      0.0111756
      9.7600000      0.9888178      0.0111822
      9.7700000      0.9888111      0.0111889
      9.7800000      0.9888044      0.0111956
      9.7900000      0.9887977      0.0112023
      9.8000000      0.9887910      0.0112090
      9.8100000      0.9887844      0.0112156
      9.8200000      0.9887777      0.0112223
      9.8300000      0.9887710      0.0112290
      9.8400000      0.9887643      0.0112357
      9.8500000      0.9887576      0.0112424
      9.8600000      0.9887509      0.0112491
      9.8700000      0.9887443      0.0112557
      9.8800000      0.9887376      0.0112624
      9.8900000      0.9887309      0.0112691
      9.9000000      0.9887242      0.0112758
      9.9100000      0.9887175      0.0112825
      9.9200000      0.9887109      0.0112891
      9.9300000      0.9887042      0.0112958
      9.9400000      0.9886975      0.0113025
      9.9500000      0.9886908      0.0113092
      9.9600000      0.9886841      0.0113159
      9.9700000      0.9886775      0.0113225
      9.9800000      0.9886708      0.0113292
      9.9900000      0.9886641      0.0113359
     10.0000000      0.9886574      0.0113426
     10.0100000      0.9886507      0.0113493
     10.0200000      0.9886441      0.0113559
     10.0300000      0.9886374      0.0113626
     10.0400000      0.9886307      0.0113693
     10.0500000      0.9886240      0.0113760
     10.0600000      0.9886173      0.0113827
     10.0700000      0.9886107      0.0113893
     10.0800000      0.9886040      0.0113960
     10.0900000      0.9885973      0.0114027
     10.1000000      0.9885906      0.0114094
     10.1100000      0.9885840      0.0114160
     10.1200000      0.9885773      0.0114227
     10.1300000      0.9885706      0.0114294
     10.1400000      0.9885639      0.0114361
     10.1500000      0.9885572      0.0114428
     10.1600000      0.9885506      0.0114494
     10.1700000      0.9885439      0.0114561
     10.1800000      0.9885372      0.0114628
     10.1900000      0.9885305      0.0114695
     10.2000000      0.9885239      0.0114761
     10.2100000      0.9885172      0.0114828
     10.2200000      0.9885105      0.0114895
     10.2300000      0.9885038      0.0114962
     10.2400000      0.9884971      0.0115029
     10.2500000      0.9884905      0.0115095
     10.2600000      0.9884838      0.0115162
     10.2700000      0.9884771      0.0115229
     10.2800000      0.9884704      0.0115296
     10.2900000      0.9884638      0.0115362
     10.3000000      0.9884571      0.0115429
     10.3100000      0.9884504      0.0115496
     10.3200000      0.9884437      0.0115563
     10.3300000      0.9884371      0.0115629
     10.3400000      0.9884304      0.0115696
     10.3500000      0.9884237      0.0115763
     10.3600000      0.9884170      0.0115830
     10.3700000      0.9884104      0.0115896
     10.3800000      0.9884037      0.0115963
     10.3900000      0.9883970      0.0116030
     10.4000000      0.9883903      0.0116097
     10.4100000      0.9883837      0.0116163
     10.4200000      0.9883770      0.0116230
     10.4300000      0.9883703      0.0116297
     10.4400000      0.9883636      0.0116364
     10.4500000      0.9883570      0.0116430
     10.4600000      0.9883503      0.0116497
     10.4700000      0.9883436      0.0116564
     10.4800000      0.9883369      0.0116631
     10.4900000      0.9883303      0.0116697
     10.5000000      0.9883236      0.0116764
     10.5100000      0.9883169      0.0116831
     10.5200000      0.9883102      0.0116898
     10.5300000      0.9883036      0.0116964
     10.5400000      0.9882969      0.0117031
     10.5500000      0.9882902      0.0117098
     10.5600000      0.9882835      0.0117165
     10.5700000      0.9882769      0.0117231
     10.5800000      0.9882702      0.0117298
     10.5900000      0.9882635      0.0117365
     10.6000000      0.9882568      0.0117432
     10.6100000      0.9882502      0.0117498
     10.6200000      0.9882435      0.0117565
     10.6300000      0.9882368      0.0117632
     10.6400000      0.9882302      0.0117698
     10.6500000      0.9882235      0.0117765
     10.6600000      0.9882168      0.0117832
     10.6700000      0.9882101      0.0117899
     10.6800000      0.9882035      0.0117965
     10.6900000      0.9881968      0.0118032
     10.7000000      0.9881901      0.0118099
     10.7100000      0.9881834      0.0118166
     10.7200000      0.9881768      0.0118232
     10.7300000      0.9881701      0.0118299
     10.7400000      0.9881634      0.0118366
     10.7500000      0.9881568      0.0118432
     10.7600000      0.9881501      0.0118499
     10.7700000      0.9881434      0.0118566
     10.7800000      0.9881367      0.0118633
     10.7900000      0.9881301      0.0118699
     10.8000000      0.9881234      0.0118766
     10.8100000      0.9881167      0.0118833
     10.8200000      0.9881101      0.0118899
     10.8300000      0.9881034      0.0118966
     10.8400000      0.9880967      0.0119033
     10.8500000      0.9880901      0.0119099
     10.8600000      0.9880834      0.0119166
     10.8700000      0.9880767      0.0119233
     10.8800000      0.9880700      0.0119300
     10.8900000      0.9880634      0.0119366
     10.9000000      0.9880567      0.0119433
     10.9100000      0.9880500      0.0119500
     10.9200000      0.9880434      0.0119566
     10.9300000      0.9880367      0.0119633
     10.9400000      0.9880300      0.0119700
     10.9500000      0.9880234      0.0119766
     10.9600000      0.9880167      0.0119833
     10.9700000      0.9880100      0.0119900
     10.9800000      0.9880033      0.0119967
     10.9900000      0.9879967      0.0120033
     11.0000000      0.9879900      0.0120100
     11.0100000      0.9879833      0.0120167
     11.0200000      0.9879767      0.0120233
     11.0300000      0.9879700      0.0120300
     11.0400000      0.9879633      0.0120367
     11.0500000      0.9879567      0.0120433
     11.0600000      0.9879500      0.0120500
     11.0700000      0.9879433      0.0120567
     11.0800000      0.9879367      0.0120633
     11.0900000      0.9879300      0.0120700
     11.1000000      0.9879233      0.0120767
     11.1100000      0.9879167      0.0120833
     11.1200000      0.9879100      0.0120900
     11.1300000      0.9879033      0.0120967
     11.1400000      0.9878966      0.0121034
     11.1500000      0.9878900      0.0121100
     11.1600000      0.9878833      0.0121167
     11.1700000      0.9878766      0.0121234
     11.1800000      0.9878700      0.0121300
     11.1900000      0.9878633      0.0121367
     11.2000000      0.9878566      0.0121434
     11.2100000      0.9878500      0.0121500
     11.2200000      0.9878433      0.0121567
     11.2300000      0.9878366      0.0121634
     11.2400000      0.9878300      0.0121700
     11.2500000      0.9878233      0.0121767
     11.2600000      0.9878166      0.0121834
     11.2700000      0.9878100      0.0121900
     11.2800000      0.9878033      0.0121967
     11.2900000      0.9877966      0.0122034
     11.3000000      0.9877900      0.0122100
     11.3100000      0.9877833      0.0122167
     11.3200000      0.9877766      0.0122234
     11.3300000      0.9877700      0.0122300
     11.3400000      0.9877633      0.0122367
     11.3500000      0.9877567      0.0122433
     11.3600000      0.9877500      0.0122500
     11.3700000      0.9877433      0.0122567
     11.3800000      0.9877367      0.0122633
     11.3900000      0.9877300      0.0122700
     11.4000000      0.9877233      0.0122767
     11.4100000      0.9877167      0.0122833
     11.4200000      0.9877100      0.0122900
     11.4300000      0.9877033      0.0122967
     11.4400000      0.9876967      0.0123033
     11.4500000      0.9876900      0.0123100
     11.4600000      0.9876833      0.0123167
     11.4700000      0.9876767      0.0123233
     11.4800000      0.9876700      0.0123300
     11.4900000      0.9876633      0.0123367
     11.5000000      0.9876567      0.0123433
     11.5100000      0.9876500      0.0123500
     11.5200000      0.9876433      0.0123567
     11.5300000      0.9876367      0.0123633
     11.5400000      0.9876300      0.0123700
     11.5500000      0.9876234      0.0123766
     11.5600000      0.9876167      0.0123833
     11.5700000      0.9876100      0.0123900
     11.5800000      0.9876034      0.0123966
     11.5900000      0.9875967      0.0124033
     11.6000000      0.9875900      0.0124100
     11.6100000      0.9875834      0.0124166
     11.6200000      0.9875767      0.0124233
     11.6300000      0.9875701      0.0124299
     11.6400000      0.9875634      0.0124366
     11.6500000      0.9875567      0.0124433
     11.6600000      0.9875501      0.0124499
     11.6700000      0.9875434      0.0124566
     11.6800000      0.9875367      0.0124633
     11.6900000      0.9875301      0.0124699
     11.7000000      0.9875234      0.0124766
     11.7100000      0.9875168      0.0124832
     11.7200000      0.9875101      0.0124899
     11.7300000      0.9875034      0.0124966
     11.7400000      0.9874968      0.0125032
     11.7500000      0.9874901      0.0125099
     11.7600000      0.9874834      0.0125166
     11.7700000      0.9874768      0.0125232
     11.7800000      0.9874701      0.0125299
     11.7900000      0.9874635      0.0125365
     11.8000000      0.9874568      0.0125432
     11.8100000      0.9874501      0.0125499
     11.8200000      0.9874435      0.0125565
     11.8300000      0.9874368      0.0125632
     11.8400000      0.9874302      0.0125698
     11.8500000      0.9874235      0.0125765
     11.8600000      0.9874168      0.0125832
     11.8700000      0.9874102      0.0125898
     11.8800000      0.9874035      0.0125965
     11.8900000      0.9873968      0.0126032
     11.9000000      0.9873902      0.0126098
     11.9100000      0.9873835      0.0126165
     11.9200000      0.9873769      0.0126231
     11.9300000      0.9873702      0.0126298
     11.9400000      0.9873635      0.0126365
     11.9500000      0.9873569      0.0126431
     11.9600000      0.9873502      0.0126498
     11.9700000      0.9873436      0.0126564
     11.9800000      0.9873369      0.0126631
     11.9900000      0.9873302      0.0126698
     12.0000000      0.9873236      0.0126764
     12.0100000      0.9873169      0.0126831
     12.0200000      0.9873103      0.0126897
     12.0300000      0.9873036      0.0126964
     12.0400000      0.9872970      0.0127030
     12.0500000      0.9872903      0.0127097
     12.0600000      0.9872836      0.0127164
     12.0700000      0.9872770      0.0127230
     12.0800000      0.9872703      0.0127297
     12.0900000      0.9872637      0.0127363
     12.1000000      0.9872570      0.0127430
     12.1100000      0.9872503      0.0127497
     12.1200000      0.9872437      0.0127563
     12.1300000      0.9872370      0.0127630
     12.1400000      0.9872304      0.0127696
     12.1500000      0.9872237      0.0127763
     12.1600000      0.9872171      0.0127829
     12.1700000      0.9872104      0.0127896
     12.1800000      0.9872037      0.0127963
     12.1900000      0.9871971      0.0128029
     12.2000000      0.9871904      0.0128096
     12.2100000      0.9871838      0.0128162
     12.2200000      0.9871771      0.0128229
     12.2300000      0.9871704      0.0128296
     12.2400000      0.9871638      0.0128362
     12.2500000      0.9871571      0.0128429
     12.2600000      0.9871505      0.0128495
     12.2700000      0.9871438      0.0128562
     12.2800000      0.9871372      0.0128628
     12.2900000      0.9871305      0.0128695
     12.3000000      0.9871238      0.0128762
     12.3100000      0.9871172      0.0128828
     12.3200000      0.9871105      0.0128895
     12.3300000      0.9871039      0.0128961
     12.3400000      0.9870972      0.0129028
     12.3500000      0.9870906      0.0129094
     12.3600000      0.9870839      0.0129161
     12.3700000      0.9870773      0.0129227
     12.3800000      0.9870706      0.0129294
     12.3900000      0.9870639      0.0129361
     12.4000000      0.9870573      0.0129427
     12.4100000      0.9870506      0.0129494
     12.4200000      0.9870440      0.0129560
     12.4300000      0.9870373      0.0129627
     12.4400000      0.9870307      0.0129693
     12.4500000      0.9870240      0.0129760
     12.4600000      0.9870174      0.0129826
     12.4700000      0.9870107      0.0129893
     12.4800000      0.9870040      0.0129960
     12.4900000      0.9869974      0.0130026
     12.5000000      0.9869907      0.0130093
     12.5100000      0.9869841      0.0130159
     12.5200000      0.9869774      0.0130226
     12.5300000      0.9869708      0.0130292
     12.5400000      0.9869641      0.0130359
     12.5500000      0.9869575      0.0130425
     12.5600000      0.9869508      0.0130492
     12.5700000      0.9869442      0.0130558
     12.5800000      0.9869375      0.0130625
     12.5900000      0.9869308      0.0130692
     12.6000000      0.9869242      0.0130758
     12.6100000      0.9869175      0.0130825
     12.6200000      0.9869109      0.0130891
     12.6300000      0.9869042      0.0130958
     12.6400000      0.9868976      0.0131024
     12.6500000      0.9868909      0.0131091
     12.6600000      0.9868843      0.0131157
     12.6700000      0.9868776      0.0131224
     12.6800000      0.9868710      0.0131290
     12.6900000      0.9868643      0.0131357
     12.7000000      0.9868577      0.0131423
     12.7100000      0.9868510      0.0131490
     12.7200000      0.9868444      0.0131556
     12.7300000      0.9868377      0.0131623
     12.7400000      0.9868310      0.0131690
     12.7500000      0.9868244      0.0131756
     12.7600000      0.9868177      0.0131823
     12.7700000      0.9868111      0.0131889
     12.7800000      0.9868044      0.0131956
     12.7900000      0.9867978      0.0132022
     12.8000000      0.9867911      0.0132089
     12.8100000      0.9867845      0.0132155
     12.8200000      0.9867778      0.0132222
     12.8300000      0.9867712      0.0132288
     12.8400000      0.9867645      0.0132355
     12.8500000      0.9867579      0.0132421
     12.8600000      0.9867512      0.0132488
     12.8700000      0.9867446      0.0132554
     12.8800000      0.9867379      0.0132621
     12.8900000      0.9867313      0.0132687
     12.9000000      0.9867246      0.0132754
     12.9100000      0.9867180      0.0132820
     12.9200000      0.9867113      0.0132887
     12.9300000      0.9867047      0.0132953
     12.9400000      0.9866980      0.0133020
     12.9500000      0.9866914      0.0133086
     12.9600000      0.9866847      0.0133153
     12.9700000      0.9866781      0.0133219
     12.9800000      0.9866714      0.0133286
     12.9900000      0.9866648      0.0133352
     13.0000000      0.9866581      0.0133419
     13.0100000      0.9866515      0.0133485
     13.0200000      0.9866448      0.0133552
     13.0300000      0.9866382      0.0133618
     13.0400000      0.9866315      0.0133685
     13.0500000      0.9866249      0.0133751
     13.0600000      0.9866182      0.0133818
     13.0700000      0.9866116      0.0133884
     13.0800000      0.9866049      0.0133951
     13.0900000      0.9865983      0.0134017
     13.1000000      0.9865916      0.0134084
     13.1100000      0.9865850      0.0134150
     13.1200000      0.9865783      0.0134217
     13.1300000      0.9865717      0.0134283
     13.1400000      0.9865650      0.0134350
     13.1500000      0.9865584      0.0134416
     13.1600000      0.9865517      0.0134483
     13.1700000      0.9865451      0.0134549
     13.1800000      0.9865384      0.0134616
     13.1900000      0.9865318      0.0134682
     13.2000000      0.9865251      0.0134749
     13.2100000      0.9865185      0.0134815
     13.2200000      0.9865118      0.0134882
     13.2300000      0.9865052      0.0134948
     13.2400000      0.9864985      0.0135015
     13.2500000      0.9864919      0.0135081
     13.2600000      0.9864852      0.0135148
     13.2700000      0.9864786      0.0135214
     13.2800000      0.9864719      0.0135281
     13.2900000      0.9864653      0.0135347
     13.3000000      0.9864587      0.0135413
     13.3100000      0.9864520      0.0135480
     13.3200000      0.9864454      0.0135546
     13.3300000      0.9864387      0.0135613
     13.3400000      0.9864321      0.0135679
     13.3500000      0.9864254      0.0135746
     13.3600000      0.9864188      0.0135812
     13.3700000      0.9864121      0.0135879
     13.3800000      0.9864055      0.0135945
     13.3900000      0.9863988      0.0136012
     13.4000000      0.9863922      0.0136078
     13.4100000      0.9863855      0.0136145
     13.4200000      0.9863789      0.0136211
     13.4300000      0.9863722      0.0136278
     13.4400000      0.9863656      0.0136344
     13.4500000      0.9863589      0.0136411
     13.4600000      0.9863523      0.0136477
     13.4700000      0.9863457      0.0136543
     13.4800000      0.9863390      0.0136610
     13.4900000      0.9863324      0.0136676
     13.5000000      0.9863257      0.0136743
     13.5100000      0.9863191      0.0136809
     13.5200000      0.9863124      0.0136876
     13.5300000      0.9863058      0.0136942
     13.5400000      0.9862991      0.0137009
     13.5500000      0.9862925      0.0137075
     13.5600000      0.9862858      0.0137142
     13.5700000      0.9862792      0.0137208
     13.5800000      0.9862726      0.0137274
     13.5900000      0.9862659      0.0137341
     13.6000000      0.9862593      0.0137407
     13.6100000      0.9862526      0.0137474
     13.6200000      0.9862460      0.0137540
     13.6300000      0.9862393      0.0137607
     13.6400000      0.9862327      0.0137673
     13.6500000      0.9862260      0.0137740
     13.6600000      0.9862194      0.0137806
     13.6700000      0.9862128      0.0137872
     13.6800000      0.9862061      0.0137939
     13.6900000      0.9861995      0.0138005
     13.7000000      0.9861928      0.0138072
     13.7100000      0.9861862      0.0138138
     13.7200000      0.9861795      0.0138205
     13.7300000      0.9861729      0.0138271
     13.7400000      0.9861663      0.0138337
     13.7500000      0.9861596      0.0138404
     13.7600000      0.9861530      0.0138470
     13.7700000      0.9861463      0.0138537
     13.7800000      0.9861397      0.0138603
     13.7900000      0.9861330      0.0138670
     13.8000000      0.9861264      0.0138736
     13.8100000      0.9861198      0.0138802
     13.8200000      0.9861131      0.0138869
     13.8300000      0.9861065      0.0138935
     13.8400000      0.9860998      0.0139002
     13.8500000      0.9860932      0.0139068
     13.8600000      0.9860865      0.0139135
     13.8700000      0.9860799      0.0139201
     13.8800000      0.9860733      0.0139267
     13.8900000      0.9860666      0.0139334
     13.9000000      0.9860600      0.0139400
     13.9100000      0.9860533      0.0139467
     13.9200000      0.9860467      0.0139533
     13.9300000      0.9860400      0.0139600
     13.9400000      0.9860334      0.0139666
     13.9500000      0.9860268      0.0139732
     13.9600000      0.9860201      0.0139799
     13.9700000      0.9860135      0.0139865
     13.9800000      0.9860068      0.0139932
     13.9900000      0.9860002      0.0139998
     14.0000000      0.9859936      0.0140064
     14.0100000      0.9859869      0.0140131
     14.0200000      0.9859803      0.0140197
     14.0300000      0.9859736      0.0140264
     14.0400000      0.9859670      0.0140330
     14.0500000      0.9859604      0.0140396
     14.0600000      0.9859537      0.0140463
     14.0700000      0.9859471      0.0140529
     14.0800000      0.9859404      0.0140596
     14.0900000      0.9859338      0.0140662
     14.1000000      0.9859272      0.0140728
     14.1100000      0.9859205      0.0140795
     14.1200000      0.9859139      0.0140861
     14.1300000      0.9859072      0.0140928
     14.1400000      0.9859006      0.0140994
     14.1500000      0.9858940      0.0141060
     14.1600000      0.9858873      0.0141127
     14.1700000      0.9858807      0.0141193
     14.1800000      0.9858740      0.0141260
     14.1900000      0.9858674      0.0141326
     14.2000000      0.9858608      0.0141392
     14.2100000      0.9858541      0.0141459
     14.2200000      0.9858475      0.0141525
     14.2300000      0.9858408      0.0141592
     14.2400000      0.9858342      0.0141658
     14.2500000      0.9858276      0.0141724
     14.2600000      0.9858209      0.0141791
     14.2700000      0.9858143      0.0141857
     14.2800000      0.9858076      0.0141924
     14.2900000      0.9858010      0.0141990
     14.3000000      0.9857944      0.0142056
     14.3100000      0.9857877      0.0142123
     14.3200000      0.9857811      0.0142189
     14.3300000      0.9857745      0.0142255
     14.3400000      0.9857678      0.0142322
     14.3500000      0.9857612      0.0142388
     14.3600000      0.9857545      0.0142455
     14.3700000      0.9857479      0.0142521
     14.3800000      0.9857413      0.0142587
     14.3900000      0.9857346      0.0142654
     14.4000000      0.9857280      0.0142720
     14.4100000      0.9857214      0.0142786
     14.4200000      0.9857147      0.0142853
     14.4300000      0.9857081      0.0142919
     14.4400000      0.9857014      0.0142986
     14.4500000      0.9856948      0.0143052
     14.4600000      0.9856882      0.0143118
     14.4700000      0.9856815      0.0143185
     14.4800000      0.9856749      0.0143251
     14.4900000      0.9856683      0.0143317
     14.5000000      0.9856616      0.0143384
     14.5100000      0.9856550      0.0143450
     14.5200000      0.9856483      0.0143517
     14.5300000      0.9856417      0.0143583
     14.5400000      0.9856351      0.0143649
     14.5500000      0.9856284      0.0143716
     14.5600000      0.9856218      0.0143782
     14.5700000      0.9856152      0.0143848
     14.5800000      0.9856085      0.0143915
     14.5900000      0.9856019      0.0143981
     14.6000000      0.9855953      0.0144047
     14.6100000      0.9855886      0.0144114
     14.6200000      0.9855820      0.0144180
     14.6300000      0.9855754      0.0144246
     14.6400000      0.9855687      0.0144313
     14.6500000      0.9855621      0.0144379
     14.6600000      0.9855555      0.0144445
     14.6700000      0.9855488      0.0144512
     14.6800000      0.9855422      0.0144578
     14.6900000      0.9855355      0.0144645
     14.7000000      0.9855289      0.0144711
     14.7100000      0.9855223      0.0144777
     14.7200000      0.9855156      0.0144844
     14.7300000      0.9855090      0.0144910
     14.7400000      0.9855024      0.0144976
     14.7500000      0.9854957      0.0145043
     14.7600000      0.9854891      0.0145109
     14.7700000      0.9854825      0.0145175
     14.7800000      0.9854758      0.0145242
     14.7900000      0.9854692      0.0145308
     14.8000000      0.9854626      0.0145374
     14.8100000      0.9854559      0.0145441
     14.8200000      0.9854493      0.0145507
     14.8300000      0.9854427      0.0145573
     14.8400000      0.9854360      0.0145640
     14.8500000      0.9854294      0.0145706
     14.8600000      0.9854228      0.0145772
     14.8700000      0.9854161      0.0145839
     14.8800000      0.9854095      0.0145905
     14.8900000      0.9854029      0.0145971
     14.9000000      0.9853962      0.0146038
     14.9100000      0.9853896      0.0146104
     14.9200000      0.9853830      0.0146170
     14.9300000      0.9853763      0.0146237
     14.9400000      0.9853697      0.0146303
     14.9500000      0.9853631      0.0146369
     14.9600000      0.9853564      0.0146436
     14.9700000      0.9853498      0.0146502
     14.9800000      0.9853432      0.0146568
     14.9900000      0.9853365      0.0146635
     15.0000000      0.9853299      0.0146701
     15.0100000      0.9853233      0.0146767
     15.0200000      0.9853167      0.0146833
     15.0300000      0.9853100      0.0146900
     15.0400000      0.9853034      0.0146966
     15.0500000      0.9852968      0.0147032
     15.0600000      0.9852901      0.0147099
     15.0700000      0.9852835      0.0147165
     15.0800000      0.9852769      0.0147231
     15.0900000      0.9852702      0.0147298
     15.1000000      0.9852636      0.0147364
     15.1100000      0.9852570      0.0147430
     15.1200000      0.9852503      0.0147497
     15.1300000      0.9852437      0.0147563
     15.1400000      0.9852371      0.0147629
     15.1500000      0.9852304      0.0147696
     15.1600000      0.9852238      0.0147762
     15.1700000      0.9852172      0.0147828
     15.1800000      0.9852106      0.0147894
     15.1900000      0.9852039      0.0147961
     15.2000000      0.9851973      0.0148027
     15.2100000      0.9851907      0.0148093
     15.2200000      0.9851840      0.0148160
     15.2300000      0.9851774      0.0148226
     15.2400000      0.9851708      0.0148292
     15.2500000      0.9851641      0.0148359
     15.2600000      0.9851575      0.0148425
     15.2700000      0.9851509      0.0148491
     15.2800000      0.9851443      0.0148557
     15.2900000      0.9851376      0.0148624
     15.3000000      0.9851310      0.0148690
     15.3100000      0.9851244      0.0148756
     15.3200000      0.9851177      0.0148823
     15.3300000      0.9851111      0.0148889
     15.3400000      0.9851045      0.0148955
     15.3500000      0.9850979      0.0149021
     15.3600000      0.9850912      0.0149088
     15.3700000      0.9850846      0.0149154
     15.3800000      0.9850780      0.0149220
     15.3900000      0.9850713      0.0149287
     15.4000000      0.9850647      0.0149353
     15.4100000      0.9850581      0.0149419
     15.4200000      0.9850515      0.0149485
     15.4300000      0.9850448      0.0149552
     15.4400000      0.9850382      0.0149618
     15.4500000      0.9850316      0.0149684
     15.4600000      0.9850249      0.0149751
     15.4700000      0.9850183      0.0149817
     15.4800000      0.9850117      0.0149883
     15.4900000      0.9850051      0.0149949
     15.5000000      0.9849984      0.0150016
     15.5100000      0.9849918      0.0150082
     15.5200000      0.9849852      0.0150148
     15.5300000      0.9849786      0.0150214
     15.5400000      0.9849719      0.0150281
     15.5500000      0.9849653      0.0150347
     15.5600000      0.9849587      0.0150413
     15.5700000      0.9849520      0.0150480
     15.5800000      0.9849454      0.0150546
     15.5900000      0.9849388      0.0150612
     15.6000000      0.9849322      0.0150678
     15.6100000      0.9849255      0.0150745
     15.6200000      0.9849189      0.0150811
     15.6300000      0.9849123      0.0150877
     15.6400000      0.9849057      0.0150943
     15.6500000      0.9848990      0.0151010
     15.6600000      0.9848924      0.0151076
     15.6700000      0.9848858      0.0151142
     15.6800000      0.9848792      0.0151208
     15.6900000      0.9848725      0.0151275
     15.7000000      0.9848659      0.0151341
     15.7100000      0.9848593      0.0151407
     15.7200000      0.9848527      0.0151473
     15.7300000      0.9848460      0.0151540
     15.7400000      0.9848394      0.0151606
     15.7500000      0.9848328      0.0151672
     15.7600000      0.9848262      0.0151738
     15.7700000      0.9848195      0.0151805
     15.7800000      0.9848129      0.0151871
     15.7900000      0.9848063      0.0151937
     15.8000000      0.9847997      0.0152003
     15.8100000      0.9847930      0.0152070
     15.8200000      0.9847864      0.0152136
     15.8300000      0.9847798      0.0152202
     15.8400000      0.9847732      0.0152268
     15.8500000      0.9847665      0.0152335
     15.8600000      0.9847599      0.0152401
     15.8700000      0.9847533      0.0152467
     15.8800000      0.9847467      0.0152533
     15.8900000      0.9847400      0.0152600
     15.9000000      0.9847334      0.0152666
     15.9100000      0.9847268      0.0152732
     15.9200000      0.9847202      0.0152798
     15.9300000      0.9847135      0.0152865
     15.9400000      0.9847069      0.0152931
     15.9500000      0.9847003      0.0152997
     15.9600000      0.9846937      0.0153063
     15.9700000      0.9846870      0.0153130
     15.9800000      0.9846804      0.0153196
     15.9900000      0.9846738      0.0153262
